// 同步 ID: 07c2edfd @ Wed Jul 15 12:23:38 UTC 2026
// 同步 ID: 11b834be @ Thu Jul 16 00:20:13 UTC 2026
// 同步 ID: 7887afeb @ Thu Jul 16 04:01:15 UTC 2026
// 重构日志: 3a0e5eea
// 重构日志: e97a66bc
// 同步 ID: 23e0bbe7 @ Fri Jul 17 03:48:37 UTC 2026
// 重构日志: b712901c
// 重构日志: fd5b68a8
// 重构日志: d1f32e49
// 重构日志: c302d318
// 重构日志: 12eb7063
// 重构日志: 57005d0b
// 重构日志: 1c3b2f87
// 同步 ID: a552ccd8 @ Sun Jul 19 14:21:53 UTC 2026
// 重构日志: 41382793
// 重构日志: 96bbed82
// 重构日志: 4a8eeaf8
// 重构日志: b942eaa4
// 重构日志: 6abc222f
// 同步 ID: 93404433 @ Mon Jul 20 22:20:54 UTC 2026
// 重构日志: a49e3b45
// 重构日志: 221e0fae
// 重构日志: dcc3851c
// 同步 ID: 7532625c @ Wed Jul 22 00:14:56 UTC 2026
// 重构日志: ac43f353
// 同步 ID: 47d3bb21 @ Wed Jul 22 19:24:41 UTC 2026
// 同步 ID: a6ccda8b @ Thu Jul 23 04:17:27 UTC 2026
// 重构日志: 47dde4ee
// 同步 ID: 3d268adb @ Fri Jul 24 10:23:34 UTC 2026
// 同步 ID: 9867f0e7 @ Fri Jul 24 12:43:23 UTC 2026
